Build started 10/10/2017 8:15:38 PM.
     1>Project "C:\Code\Computer Graphics\captureMain\captureMain\captureMain.vcxproj" on node 2 (build target(s)).
     1>InitializeBuildStatus:
         Creating "Debug\captureMain.unsuccessfulbuild" because "AlwaysCreate" was specified.
       ClCompile:
         c:\Program Files (x86)\Microsoft Visual Studio 10.0\VC\bin\CL.exe /c /ZI /nologo /W3 /WX- /Od /Oy- /D WIN32 /D _DEBUG /D _CONSOLE /D _UNICODE /D UNICODE /Gm /EHsc /RTC1 /MDd /GS /fp:precise /Zc:wchar_t /Zc:forScope /Fo"Debug\\" /Fd"Debug\vc100.pdb" /Gd /TP /analyze- /errorReport:prompt captureMain.cpp
         captureMain.cpp
     1>c:\code\computer graphics\capturemain\capturemain\capturemain.cpp(120): warning C4996: 'fopen': This function or variable may be unsafe. Consider using fopen_s instead. To disable deprecation, use _CRT_SECURE_NO_WARNINGS. See online help for details.
                 c:\program files (x86)\microsoft visual studio 10.0\vc\include\stdio.h(234) : see declaration of 'fopen'
     1>c:\code\computer graphics\capturemain\capturemain\capturemain.cpp(221): warning C4996: 'fopen': This function or variable may be unsafe. Consider using fopen_s instead. To disable deprecation, use _CRT_SECURE_NO_WARNINGS. See online help for details.
                 c:\program files (x86)\microsoft visual studio 10.0\vc\include\stdio.h(234) : see declaration of 'fopen'
     1>c:\code\computer graphics\capturemain\capturemain\capturemain.cpp(457): warning C4996: 'scanf': This function or variable may be unsafe. Consider using scanf_s instead. To disable deprecation, use _CRT_SECURE_NO_WARNINGS. See online help for details.
                 c:\program files (x86)\microsoft visual studio 10.0\vc\include\stdio.h(304) : see declaration of 'scanf'
     1>c:\code\computer graphics\capturemain\capturemain\capturemain.cpp(458): warning C4996: 'mkdir': The POSIX name for this item is deprecated. Instead, use the ISO C++ conformant name: _mkdir. See online help for details.
                 c:\program files (x86)\microsoft visual studio 10.0\vc\include\direct.h(124) : see declaration of 'mkdir'
     1>c:\code\computer graphics\capturemain\capturemain\capturemain.cpp(476): warning C4996: 'strcpy': This function or variable may be unsafe. Consider using strcpy_s instead. To disable deprecation, use _CRT_SECURE_NO_WARNINGS. See online help for details.
                 c:\program files (x86)\microsoft visual studio 10.0\vc\include\string.h(105) : see declaration of 'strcpy'
     1>c:\code\computer graphics\capturemain\capturemain\capturemain.cpp(477): warning C4996: 'strcat': This function or variable may be unsafe. Consider using strcat_s instead. To disable deprecation, use _CRT_SECURE_NO_WARNINGS. See online help for details.
                 c:\program files (x86)\microsoft visual studio 10.0\vc\include\string.h(110) : see declaration of 'strcat'
     1>c:\code\computer graphics\capturemain\capturemain\capturemain.cpp(478): warning C4996: '_itoa': This function or variable may be unsafe. Consider using _itoa_s instead. To disable deprecation, use _CRT_SECURE_NO_WARNINGS. See online help for details.
                 c:\program files (x86)\microsoft visual studio 10.0\vc\include\stdlib.h(451) : see declaration of '_itoa'
     1>c:\code\computer graphics\capturemain\capturemain\capturemain.cpp(479): warning C4996: 'strcat': This function or variable may be unsafe. Consider using strcat_s instead. To disable deprecation, use _CRT_SECURE_NO_WARNINGS. See online help for details.
                 c:\program files (x86)\microsoft visual studio 10.0\vc\include\string.h(110) : see declaration of 'strcat'
     1>c:\code\computer graphics\capturemain\capturemain\capturemain.cpp(480): warning C4996: 'strcat': This function or variable may be unsafe. Consider using strcat_s instead. To disable deprecation, use _CRT_SECURE_NO_WARNINGS. See online help for details.
                 c:\program files (x86)\microsoft visual studio 10.0\vc\include\string.h(110) : see declaration of 'strcat'
         All outputs are up-to-date.
       ManifestResourceCompile:
         All outputs are up-to-date.
       Link:
         c:\Program Files (x86)\Microsoft Visual Studio 10.0\VC\bin\link.exe /ERRORREPORT:PROMPT /OUT:"C:\Code\Computer Graphics\captureMain\Debug\captureMain.exe" /INCREMENTAL /NOLOGO kernel32.lib user32.lib gdi32.lib winspool.lib comdlg32.lib advapi32.lib shell32.lib ole32.lib oleaut32.lib uuid.lib odbc32.lib odbccp32.lib "C:\Users\Shakti\Desktop\Cisco Docs\Cisco Projects\SDN\codes\Sensor files\MFS100_Windwos_SDK_9.0.2.2 C++\x86\MFS100Dll.lib" kernel32.lib user32.lib gdi32.lib winspool.lib comdlg32.lib advapi32.lib shell32.lib ole32.lib oleaut32.lib uuid.lib odbc32.lib odbccp32.lib /MANIFEST /ManifestFile:"Debug\captureMain.exe.intermediate.manifest" /MANIFESTUAC:"level='asInvoker' uiAccess='false'" /DEBUG /PDB:"C:\Code\Computer Graphics\captureMain\Debug\captureMain.pdb" /SUBSYSTEM:CONSOLE /TLBID:1 /DYNAMICBASE /NXCOMPAT /IMPLIB:"C:\Code\Computer Graphics\captureMain\Debug\captureMain.lib" /MACHINE:X86 Debug\captureMain.exe.embed.manifest.res
         Debug\captureMain.obj
         Debug\getopt.obj
         Debug\time.obj
       Manifest:
         C:\Program Files (x86)\Microsoft SDKs\Windows\v7.0A\bin\mt.exe /nologo /verbose /out:"Debug\captureMain.exe.embed.manifest" /manifest Debug\captureMain.exe.intermediate.manifest
         All outputs are up-to-date.
       LinkEmbedManifest:
         All outputs are up-to-date.
         captureMain.vcxproj -> C:\Code\Computer Graphics\captureMain\Debug\captureMain.exe
       FinalizeBuildStatus:
         Deleting file "Debug\captureMain.unsuccessfulbuild".
         Touching "Debug\captureMain.lastbuildstate".
     1>Done Building Project "C:\Code\Computer Graphics\captureMain\captureMain\captureMain.vcxproj" (build target(s)).

Build succeeded.

Time Elapsed 00:00:03.90
